2022-10-17 11:37:58,540	INFO services.py:1338 -- View the Ray dashboard at [1m[32mhttp://127.0.0.1:8265[39m[22m
/private/home/dejang/.conda/envs/compiler_gym/lib/python3.8/site-packages/torchvision/io/image.py:13: UserWarning: Failed to load image Python extension: libtorch_cuda_cu.so: cannot open shared object file: No such file or directory
  warn(f"Failed to load image Python extension: {e}")
INFO:ray.worker:Using address auto set in the environment variable RAY_ADDRESS
2022-10-17 11:38:23,124	INFO worker.py:842 -- Connecting to existing Ray cluster at address: 100.97.70.163:6888
[2022-10-17 11:38:23,139 I 3035287 3035287] logging.cc:191: Set ray log level from environment variable RAY_BACKEND_LOG_LEVEL to -1
/private/home/dejang/.conda/envs/compiler_gym/lib/python3.8/site-packages/ray/tune/callback.py:217: FutureWarning: Please update `setup` method in callback `<class 'ray.tune.integration.wandb.WandbLoggerCallback'>` to match the method signature in `ray.tune.callback.Callback`.
  warnings.warn(
DEBUG:git.cmd:Popen(['git', 'rev-parse', '--show-toplevel'], cwd=/private/home/dejang/tools/cg_rllib_slurm, universal_newlines=False, shell=None, istream=None)
DEBUG:urllib3.connectionpool:Starting new HTTPS connection (1): api.wandb.ai:443
DEBUG:urllib3.connectionpool:https://api.wandb.ai:443 "POST /graphql HTTP/1.1" 200 521
DEBUG:urllib3.connectionpool:Starting new HTTPS connection (1): api.wandb.ai:443
DEBUG:urllib3.connectionpool:https://api.wandb.ai:443 "POST /graphql HTTP/1.1" 200 325
wandb: Currently logged in as: dejang. Use `wandb login --relogin` to force relogin
DEBUG:git.cmd:Popen(['git', 'cat-file', '--batch-check'], cwd=/private/home/dejang/tools/cg_rllib_slurm, universal_newlines=False, shell=None, istream=<valid stream>)
wandb: wandb version 0.13.4 is available!  To upgrade, please run:
wandb:  $ pip install wandb --upgrade
wandb: Tracking run with wandb version 0.13.3
wandb: Run data is saved locally in /private/home/dejang/tools/cg_rllib_slurm/wandb/run-20221017_113829-e16bf_00000
wandb: Run `wandb offline` to turn off syncing.
wandb: Syncing run PPO_compiler_gym_e16bf_00000
wandb: ⭐️ View project at https://wandb.ai/dejang/loop_tool_agent
wandb: 🚀 View run at https://wandb.ai/dejang/loop_tool_agent/runs/e16bf_00000
[2m[36m(PPO pid=3037479)[0m 2022-10-17 11:38:35,705	INFO trainer.py:722 -- Your framework setting is 'tf', meaning you are using static-graph mode. Set framework='tf2' to enable eager execution with tf2.x. You may also want to then set `eager_tracing=True` in order to reach similar execution speed as with static-graph mode.
[2m[36m(PPO pid=3037479)[0m 2022-10-17 11:38:35,705	INFO ppo.py:166 -- In multi-agent mode, policies will be optimized sequentially by the multi-GPU optimizer. Consider setting simple_optimizer=True if this doesn't work for you.
[2m[36m(PPO pid=3037479)[0m 2022-10-17 11:38:35,705	INFO trainer.py:743 -- Current log_level is WARN. For more information, set 'log_level': 'INFO' / 'DEBUG' or use the -v and -vv flags.
[2m[36m(RolloutWorker pid=3037478)[0m 2022-10-17 11:38:46,081	WARNING deprecation.py:45 -- DeprecationWarning: `SampleBatch['is_training']` has been deprecated. Use `SampleBatch.is_training` instead. This will raise an error in the future!
[2m[36m(PPO pid=3037479)[0m 2022-10-17 11:38:47,476	WARNING deprecation.py:45 -- DeprecationWarning: `SampleBatch['is_training']` has been deprecated. Use `SampleBatch.is_training` instead. This will raise an error in the future!
[2m[36m(PPO pid=3037479)[0m 2022-10-17 11:38:48,368	INFO trainable.py:124 -- Trainable.setup took 13.823 seconds. If your trainable is slow to initialize, consider setting reuse_actors=True to reduce actor creation overheads.
[2m[36m(PPO pid=3037479)[0m 2022-10-17 11:38:48,369	WARNING util.py:57 -- Install gputil for GPU system monitoring.
wandb: Waiting for W&B process to finish... (success).
wandb: - 0.001 MB of 0.001 MB uploaded (0.000 MB deduped)wandb: \ 0.001 MB of 0.001 MB uploaded (0.000 MB deduped)wandb: | 0.001 MB of 0.001 MB uploaded (0.000 MB deduped)wandb: / 0.001 MB of 0.022 MB uploaded (0.000 MB deduped)wandb: - 0.001 MB of 0.022 MB uploaded (0.000 MB deduped)wandb: \ 0.017 MB of 0.022 MB uploaded (0.000 MB deduped)wandb: | 0.022 MB of 0.022 MB uploaded (0.000 MB deduped)wandb: / 0.022 MB of 0.022 MB uploaded (0.000 MB deduped)wandb: - 0.022 MB of 0.022 MB uploaded (0.000 MB deduped)wandb: \ 0.022 MB of 0.022 MB uploaded (0.000 MB deduped)wandb: | 0.022 MB of 0.022 MB uploaded (0.000 MB deduped)wandb:                                                                                
wandb: 
wandb: Run history:
wandb:                                      agent_timesteps_total ▁
wandb:                                           episode_len_mean ▁
wandb:                                         episode_reward_max ▁
wandb:                                        episode_reward_mean ▁
wandb:                                         episode_reward_min ▁
wandb:                                         episodes_this_iter ▁
wandb:                                             episodes_total ▁
wandb:     info/learner/default_policy/learner_stats/cur_kl_coeff ▁
wandb:           info/learner/default_policy/learner_stats/cur_lr ▁
wandb:          info/learner/default_policy/learner_stats/entropy ▁
wandb:    info/learner/default_policy/learner_stats/entropy_coeff ▁
wandb:               info/learner/default_policy/learner_stats/kl ▁
wandb:      info/learner/default_policy/learner_stats/policy_loss ▁
wandb:       info/learner/default_policy/learner_stats/total_loss ▁
wandb: info/learner/default_policy/learner_stats/vf_explained_var ▁
wandb:          info/learner/default_policy/learner_stats/vf_loss ▁
wandb:                               info/num_agent_steps_sampled ▁
wandb:                               info/num_agent_steps_trained ▁
wandb:                                     info/num_steps_sampled ▁
wandb:                                     info/num_steps_trained ▁
wandb:                                   iterations_since_restore ▁
wandb:                                        num_healthy_workers ▁
wandb:                                      perf/cpu_util_percent ▁
wandb:                                      perf/ram_util_percent ▁
wandb:                     sampler_perf/mean_action_processing_ms ▁
wandb:                            sampler_perf/mean_env_render_ms ▁
wandb:                              sampler_perf/mean_env_wait_ms ▁
wandb:                             sampler_perf/mean_inference_ms ▁
wandb:                    sampler_perf/mean_raw_obs_processing_ms ▁
wandb:                                         time_since_restore ▁
wandb:                                           time_this_iter_s ▁
wandb:                                               time_total_s ▁
wandb:                                    timers/learn_throughput ▁
wandb:                                       timers/learn_time_ms ▁
wandb:                                     timers/load_throughput ▁
wandb:                                        timers/load_time_ms ▁
wandb:                                   timers/sample_throughput ▁
wandb:                                      timers/sample_time_ms ▁
wandb:                                      timers/update_time_ms ▁
wandb:                                                  timestamp ▁
wandb:                                    timesteps_since_restore ▁
wandb:                                        timesteps_this_iter ▁
wandb:                                            timesteps_total ▁
wandb:                                         training_iteration ▁
wandb: 
wandb: Run summary:
wandb:                                      agent_timesteps_total 5
wandb:                                           episode_len_mean 5.0
wandb:                                         episode_reward_max 0.63758
wandb:                                        episode_reward_mean 0.63758
wandb:                                         episode_reward_min 0.63758
wandb:                                         episodes_this_iter 1
wandb:                                             episodes_total 1
wandb:     info/learner/default_policy/learner_stats/cur_kl_coeff 0.2
wandb:           info/learner/default_policy/learner_stats/cur_lr 5e-05
wandb:          info/learner/default_policy/learner_stats/entropy 2.70628
wandb:    info/learner/default_policy/learner_stats/entropy_coeff 0.0
wandb:               info/learner/default_policy/learner_stats/kl 0.00158
wandb:      info/learner/default_policy/learner_stats/policy_loss -0.09375
wandb:       info/learner/default_policy/learner_stats/total_loss 0.06526
wandb: info/learner/default_policy/learner_stats/vf_explained_var 0.02419
wandb:          info/learner/default_policy/learner_stats/vf_loss 0.15869
wandb:                               info/num_agent_steps_sampled 5
wandb:                               info/num_agent_steps_trained 5
wandb:                                     info/num_steps_sampled 5
wandb:                                     info/num_steps_trained 5
wandb:                                   iterations_since_restore 1
wandb:                                        num_healthy_workers 1
wandb:                                      perf/cpu_util_percent 36.65
wandb:                                      perf/ram_util_percent 11.7
wandb:                     sampler_perf/mean_action_processing_ms 0.12139
wandb:                            sampler_perf/mean_env_render_ms 0.0
wandb:                              sampler_perf/mean_env_wait_ms 35.02754
wandb:                             sampler_perf/mean_inference_ms 7.8243
wandb:                    sampler_perf/mean_raw_obs_processing_ms 37.23705
wandb:                                         time_since_restore 0.96358
wandb:                                           time_this_iter_s 0.96358
wandb:                                               time_total_s 0.96358
wandb:                                    timers/learn_throughput 11.486
wandb:                                       timers/learn_time_ms 435.316
wandb:                                     timers/load_throughput 22819.935
wandb:                                        timers/load_time_ms 0.219
wandb:                                   timers/sample_throughput 9.494
wandb:                                      timers/sample_time_ms 526.647
wandb:                                      timers/update_time_ms 3.371
wandb:                                                  timestamp 1666031929
wandb:                                    timesteps_since_restore 0
wandb:                                        timesteps_this_iter 0
wandb:                                            timesteps_total 5
wandb:                                         training_iteration 1
wandb: 
wandb: Synced PPO_compiler_gym_e16bf_00000: https://wandb.ai/dejang/loop_tool_agent/runs/e16bf_00000
wandb: Synced 5 W&B file(s), 0 media file(s), 0 artifact file(s) and 0 other file(s)
wandb: Find logs at: ./wandb/run-20221017_113829-e16bf_00000/logs
2022-10-17 11:38:53,458	INFO tune.py:626 -- Total run time: 30.13 seconds (29.29 seconds for the tuning loop).
2022-10-17 11:38:53,476	WARNING experiment_analysis.py:510 -- Could not find best trial. Did you pass the correct `metric` parameter?
