2022-10-17 12:30:39,159	INFO services.py:1338 -- View the Ray dashboard at [1m[32mhttp://127.0.0.1:8265[39m[22m
INFO:ray.worker:Using address auto set in the environment variable RAY_ADDRESS
2022-10-17 12:31:00,448	INFO worker.py:842 -- Connecting to existing Ray cluster at address: 100.97.65.171:6888
[2022-10-17 12:31:00,653 I 2634209 2634209] logging.cc:191: Set ray log level from environment variable RAY_BACKEND_LOG_LEVEL to -1
DEBUG:compiler_gym.service.connection:Exec `./example_service.py --working_dir=/dev/shm/compiler_gym_dejang/s/1017T123100-808903-06be --alsologtostderr -v=1 --logbuflevel=-1`
I1017 12:31:04.376815 139686743671616 create_and_run_compiler_gym_service.py:117] Service /dev/shm/compiler_gym_dejang/s/1017T123100-808903-06be listening on 39427, PID = 2636475
I1017 12:31:04.803328 139684905420544 compiler_gym_service.py:105] GetSpaces()
DEBUG:compiler_gym.service.client_service_compiler_env:Setting benchmark: benchmark://mm32_8_16_8_4_16-v0/012345
I1017 12:31:04.829336 139686743671616 create_and_run_compiler_gym_service.py:48] Service received signal: 15
I1017 12:31:04.829709 139686743671616 create_and_run_compiler_gym_service.py:130] Shutting down the RPC service
I1017 12:31:04.830471 139686743671616 create_and_run_compiler_gym_service.py:133] Service closed
DEBUG:compiler_gym.service.connection:Exec `./example_service.py --working_dir=/dev/shm/compiler_gym_dejang/s/1017T123105-347578-28de --alsologtostderr -v=1 --logbuflevel=-1`
I1017 12:31:08.262823 140399413355328 create_and_run_compiler_gym_service.py:117] Service /dev/shm/compiler_gym_dejang/s/1017T123105-347578-28de listening on 39303, PID = 2636931
I1017 12:31:08.591532 140397363844864 compiler_gym_service.py:105] GetSpaces()
DEBUG:compiler_gym.service.client_service_compiler_env:Setting benchmark: benchmark://mm32_8_16_8_4_16-v0/012345
I1017 12:31:08.616532 140399413355328 create_and_run_compiler_gym_service.py:48] Service received signal: 15
I1017 12:31:08.616975 140399413355328 create_and_run_compiler_gym_service.py:130] Shutting down the RPC service
I1017 12:31:08.617897 140399413355328 create_and_run_compiler_gym_service.py:133] Service closed
DEBUG:compiler_gym.service.connection:Exec `./example_service.py --working_dir=/dev/shm/compiler_gym_dejang/s/1017T123108-933814-6326 --alsologtostderr -v=1 --logbuflevel=-1`
I1017 12:31:12.151119 140403514221376 create_and_run_compiler_gym_service.py:117] Service /dev/shm/compiler_gym_dejang/s/1017T123108-933814-6326 listening on 45263, PID = 2637058
I1017 12:31:12.177721 140401465878272 compiler_gym_service.py:105] GetSpaces()
DEBUG:compiler_gym.service.client_service_compiler_env:Setting benchmark: benchmark://mm32_8_16_8_4_16-v0/012345
DEBUG:compiler_gym.service.client_service_compiler_env:Setting benchmark: benchmark://mm32_8_16_8_4_16-v0/314520
I1017 12:31:12.205976 140401465878272 compiler_gym_service.py:114] StartSession(id=0, benchmark=benchmark://mm32_8_16_8_4_16-v0/314520), 1 active sessions
I1017 12:31:12.206990 140401465878272 benchmark_cache.py:76] Cached benchmark benchmark://mm32_8_16_8_4_16-v0/314520. Cache size = 343 bytes, 1 items
I1017 12:31:12.207619 140401465878272 compiler_gym_service.py:114] StartSession(id=0, benchmark=benchmark://mm32_8_16_8_4_16-v0/314520), 1 active sessions
I1017 12:31:12.207787 140401465878272 example_service.py:280] Started a compilation session for benchmark://mm32_8_16_8_4_16-v0/314520
E1017 12:31:12.207930 140401465878272 example_service.py:284] CRITICAL - 

Working_dir = /dev/shm/compiler_gym_dejang/s/1017T123108-933814-6326

I1017 12:31:12.211830 140401465878272 loop_tool_env.py:83] for k_99 in 8 : L0  <<<<<< cursor (line 0 )
 for n_137 in 8 : L1  
  for m_98 in 4 : L2  
   for n_137' in 16 : L3  
    for k_99' in 16 : L4  
     for m_98' in 32 : L5  
      %2[m_98, k_99, n_137] <- multiply(%0, %1)  
      %3[m_98, n_137] <- add(%2)  
for m_98 in 32 : L8  
 for m_98' in 4 : L9  
  for n_137 in 128 : L10  
   %4[m_98, n_137] <- write(%3)  

I1017 12:31:12.233341 140401465878272 example_service.py:456] Computing observation from space loops_tensor
I1017 12:31:12.236068 140401465878272 compiler_gym_service.py:188] Step()
I1017 12:31:12.236197 140401465878272 example_service.py:456] Computing observation from space flops_loop_nest_tensor
I1017 12:31:12.337729 140401465878272 loop_tool_env.py:150] <<<<<<<<<<<<<<< Reward = 5.273035169877738 GFLOPS >>>>>>>>>>>>>>>
DEBUG:compiler_gym.service.client_service_compiler_env:Ending session 0
I1017 12:31:12.340023 140401465878272 compiler_gym_service.py:176] EndSession(id=0), 0 sessions remaining
DEBUG:compiler_gym.service.client_service_compiler_env:Setting benchmark: benchmark://mm32_8_16_8_4_16-v0/145203
I1017 12:31:12.341083 140401465878272 compiler_gym_service.py:114] StartSession(id=1, benchmark=benchmark://mm32_8_16_8_4_16-v0/145203), 1 active sessions
I1017 12:31:12.341910 140401465878272 benchmark_cache.py:76] Cached benchmark benchmark://mm32_8_16_8_4_16-v0/145203. Cache size = 686 bytes, 2 items
I1017 12:31:12.342519 140401465878272 compiler_gym_service.py:114] StartSession(id=1, benchmark=benchmark://mm32_8_16_8_4_16-v0/145203), 1 active sessions
I1017 12:31:12.342642 140401465878272 example_service.py:280] Started a compilation session for benchmark://mm32_8_16_8_4_16-v0/145203
E1017 12:31:12.342734 140401465878272 example_service.py:284] CRITICAL - 

Working_dir = /dev/shm/compiler_gym_dejang/s/1017T123108-933814-6326

I1017 12:31:12.343151 140401465878272 loop_tool_env.py:83] for n_137 in 8 : L0  <<<<<< cursor (line 0 )
 for m_98 in 4 : L1  
  for n_137' in 16 : L2  
   for k_99 in 16 : L3  
    for m_98' in 32 : L4  
     for k_99' in 8 : L5  
      %2[m_98, k_99, n_137] <- multiply(%0, %1)  
      %3[m_98, n_137] <- add(%2)  
for m_98 in 32 : L8  
 for m_98' in 4 : L9  
  for n_137 in 128 : L10  
   %4[m_98, n_137] <- write(%3)  

I1017 12:31:12.343380 140401465878272 example_service.py:456] Computing observation from space loops_tensor
I1017 12:31:12.345272 140401465878272 compiler_gym_service.py:188] Step()
I1017 12:31:12.345393 140401465878272 example_service.py:456] Computing observation from space flops_loop_nest_tensor
I1017 12:31:12.563298 140401465878272 loop_tool_env.py:150] <<<<<<<<<<<<<<< Reward = 2.3083879659919955 GFLOPS >>>>>>>>>>>>>>>
DEBUG:compiler_gym.service.client_service_compiler_env:Ending session 1
I1017 12:31:12.564921 140401465878272 compiler_gym_service.py:176] EndSession(id=1), 0 sessions remaining
DEBUG:compiler_gym.service.client_service_compiler_env:Setting benchmark: benchmark://mm32_8_16_8_4_16-v0/054312
I1017 12:31:12.565843 140401465878272 compiler_gym_service.py:114] StartSession(id=2, benchmark=benchmark://mm32_8_16_8_4_16-v0/054312), 1 active sessions
I1017 12:31:12.566613 140401465878272 benchmark_cache.py:76] Cached benchmark benchmark://mm32_8_16_8_4_16-v0/054312. Cache size = 1029 bytes, 3 items
I1017 12:31:12.567192 140401465878272 compiler_gym_service.py:114] StartSession(id=2, benchmark=benchmark://mm32_8_16_8_4_16-v0/054312), 1 active sessions
I1017 12:31:12.567326 140401465878272 example_service.py:280] Started a compilation session for benchmark://mm32_8_16_8_4_16-v0/054312
E1017 12:31:12.567417 140401465878272 example_service.py:284] CRITICAL - 

Working_dir = /dev/shm/compiler_gym_dejang/s/1017T123108-933814-6326

I1017 12:31:12.567833 140401465878272 loop_tool_env.py:83] for m_98 in 32 : L0  <<<<<< cursor (line 0 )
 for n_137 in 16 : L1  
  for m_98' in 4 : L2  
   for k_99 in 8 : L3  
    for n_137' in 8 : L4  
     for k_99' in 16 : L5  
      %2[m_98, k_99, n_137] <- multiply(%0, %1)  
      %3[m_98, n_137] <- add(%2)  
 for m_98' in 4 : L8  
  for n_137 in 128 : L9  
   %4[m_98, n_137] <- write(%3)  

I1017 12:31:12.568187 140401465878272 example_service.py:456] Computing observation from space loops_tensor
I1017 12:31:12.570339 140401465878272 compiler_gym_service.py:188] Step()
I1017 12:31:12.570456 140401465878272 example_service.py:456] Computing observation from space flops_loop_nest_tensor
I1017 12:31:12.658897 140401465878272 loop_tool_env.py:150] <<<<<<<<<<<<<<< Reward = 5.891091528623237 GFLOPS >>>>>>>>>>>>>>>
I1017 12:31:12.660369 140401465878272 compiler_gym_service.py:176] EndSession(id=2), 0 sessions remaining
I1017 12:31:12.660708 140403514221376 create_and_run_compiler_gym_service.py:48] Service received signal: 15
I1017 12:31:12.661162 140403514221376 create_and_run_compiler_gym_service.py:130] Shutting down the RPC service
I1017 12:31:12.661843 140403514221376 create_and_run_compiler_gym_service.py:133] Service closed
/private/home/dejang/.conda/envs/compiler_gym/lib/python3.8/site-packages/ray/tune/callback.py:217: FutureWarning: Please update `setup` method in callback `<class 'ray.tune.integration.wandb.WandbLoggerCallback'>` to match the method signature in `ray.tune.callback.Callback`.
  warnings.warn(
[2m[33m(raylet)[0m [2022-10-17 12:31:14,455 W 2637553 2637553] logging.cc:189: Unrecognized setting of RAY_BACKEND_LOG_LEVEL=-1
[2m[33m(raylet)[0m [2022-10-17 12:31:14,455 I 2637553 2637553] logging.cc:191: Set ray log level from environment variable RAY_BACKEND_LOG_LEVEL to 0
DEBUG:git.cmd:Popen(['git', 'rev-parse', '--show-toplevel'], cwd=/private/home/dejang/tools/cg_rllib_slurm, universal_newlines=False, shell=None, istream=None)
DEBUG:urllib3.connectionpool:Starting new HTTPS connection (1): api.wandb.ai:443
DEBUG:urllib3.connectionpool:https://api.wandb.ai:443 "POST /graphql HTTP/1.1" 200 521
DEBUG:urllib3.connectionpool:Starting new HTTPS connection (1): api.wandb.ai:443
DEBUG:urllib3.connectionpool:https://api.wandb.ai:443 "POST /graphql HTTP/1.1" 200 325
wandb: Currently logged in as: dejang. Use `wandb login --relogin` to force relogin
wandb: WARNING Tried to auto resume run with id db83b_00000 but id 429d3_00000 is set.
DEBUG:git.cmd:Popen(['git', 'cat-file', '--batch-check'], cwd=/private/home/dejang/tools/cg_rllib_slurm, universal_newlines=False, shell=None, istream=<valid stream>)
wandb: Tracking run with wandb version 0.13.4
wandb: Run data is saved locally in /private/home/dejang/tools/cg_rllib_slurm/wandb/run-20221017_123118-429d3_00000
wandb: Run `wandb offline` to turn off syncing.
wandb: Syncing run PPO_compiler_gym_429d3_00000
wandb: ⭐️ View project at https://wandb.ai/dejang/loop_tool_agent_split
wandb: 🚀 View run at https://wandb.ai/dejang/loop_tool_agent_split/runs/429d3_00000
[2m[36m(PPO pid=2637553)[0m 2022-10-17 12:31:24,031	INFO ppo.py:166 -- In multi-agent mode, policies will be optimized sequentially by the multi-GPU optimizer. Consider setting simple_optimizer=True if this doesn't work for you.
[2m[33m(raylet)[0m [2022-10-17 12:31:35,490 W 2640230 2640230] logging.cc:189: Unrecognized setting of RAY_BACKEND_LOG_LEVEL=-1
[2m[33m(raylet)[0m [2022-10-17 12:31:35,490 I 2640230 2640230] logging.cc:191: Set ray log level from environment variable RAY_BACKEND_LOG_LEVEL to 0
[2m[33m(raylet)[0m [2022-10-17 12:31:35,659 W 2640251 2640251] logging.cc:189: Unrecognized setting of RAY_BACKEND_LOG_LEVEL=-1
[2m[33m(raylet)[0m [2022-10-17 12:31:35,659 I 2640251 2640251] logging.cc:191: Set ray log level from environment variable RAY_BACKEND_LOG_LEVEL to 0
[2m[33m(raylet)[0m [2022-10-17 12:31:35,730 W 2640239 2640239] logging.cc:189: Unrecognized setting of RAY_BACKEND_LOG_LEVEL=-1
[2m[33m(raylet)[0m [2022-10-17 12:31:35,730 I 2640239 2640239] logging.cc:191: Set ray log level from environment variable RAY_BACKEND_LOG_LEVEL to 0
[2m[33m(raylet)[0m [2022-10-17 12:31:36,530 W 2640256 2640256] logging.cc:189: Unrecognized setting of RAY_BACKEND_LOG_LEVEL=-1
[2m[33m(raylet)[0m [2022-10-17 12:31:36,530 I 2640256 2640256] logging.cc:191: Set ray log level from environment variable RAY_BACKEND_LOG_LEVEL to 0
[2m[33m(raylet)[0m [2022-10-17 12:31:37,170 W 2640262 2640262] logging.cc:189: Unrecognized setting of RAY_BACKEND_LOG_LEVEL=-1
[2m[33m(raylet)[0m [2022-10-17 12:31:37,170 I 2640262 2640262] logging.cc:191: Set ray log level from environment variable RAY_BACKEND_LOG_LEVEL to 0
[2m[33m(raylet)[0m [2022-10-17 12:31:37,878 W 2640268 2640268] logging.cc:189: Unrecognized setting of RAY_BACKEND_LOG_LEVEL=-1
[2m[33m(raylet)[0m [2022-10-17 12:31:37,878 I 2640268 2640268] logging.cc:191: Set ray log level from environment variable RAY_BACKEND_LOG_LEVEL to 0
[2m[33m(raylet)[0m [2022-10-17 12:31:38,712 W 2640283 2640283] logging.cc:189: Unrecognized setting of RAY_BACKEND_LOG_LEVEL=-1
[2m[33m(raylet)[0m [2022-10-17 12:31:38,712 I 2640283 2640283] logging.cc:191: Set ray log level from environment variable RAY_BACKEND_LOG_LEVEL to 0
[2m[33m(raylet)[0m [2022-10-17 12:31:38,716 W 2640274 2640274] logging.cc:189: Unrecognized setting of RAY_BACKEND_LOG_LEVEL=-1
[2m[33m(raylet)[0m [2022-10-17 12:31:38,716 I 2640274 2640274] logging.cc:191: Set ray log level from environment variable RAY_BACKEND_LOG_LEVEL to 0
[2m[33m(raylet)[0m [2022-10-17 12:31:40,178 W 2640306 2640306] logging.cc:189: Unrecognized setting of RAY_BACKEND_LOG_LEVEL=-1
[2m[33m(raylet)[0m [2022-10-17 12:31:40,178 I 2640306 2640306] logging.cc:191: Set ray log level from environment variable RAY_BACKEND_LOG_LEVEL to 0
[2m[33m(raylet)[0m [2022-10-17 12:31:41,555 W 2640320 2640320] logging.cc:189: Unrecognized setting of RAY_BACKEND_LOG_LEVEL=-1
[2m[33m(raylet)[0m [2022-10-17 12:31:41,555 I 2640320 2640320] logging.cc:191: Set ray log level from environment variable RAY_BACKEND_LOG_LEVEL to 0
[2m[33m(raylet)[0m [2022-10-17 12:31:41,558 W 2640314 2640314] logging.cc:189: Unrecognized setting of RAY_BACKEND_LOG_LEVEL=-1
[2m[33m(raylet)[0m [2022-10-17 12:31:41,558 I 2640314 2640314] logging.cc:191: Set ray log level from environment variable RAY_BACKEND_LOG_LEVEL to 0
[2m[33m(raylet)[0m [2022-10-17 12:31:41,805 W 2640326 2640326] logging.cc:189: Unrecognized setting of RAY_BACKEND_LOG_LEVEL=-1
[2m[33m(raylet)[0m [2022-10-17 12:31:41,806 I 2640326 2640326] logging.cc:191: Set ray log level from environment variable RAY_BACKEND_LOG_LEVEL to 0
[2m[33m(raylet)[0m [2022-10-17 12:31:42,627 W 2640335 2640335] logging.cc:189: Unrecognized setting of RAY_BACKEND_LOG_LEVEL=-1
[2m[33m(raylet)[0m [2022-10-17 12:31:42,627 I 2640335 2640335] logging.cc:191: Set ray log level from environment variable RAY_BACKEND_LOG_LEVEL to 0
[2m[33m(raylet)[0m [2022-10-17 12:31:42,628 W 2640343 2640343] logging.cc:189: Unrecognized setting of RAY_BACKEND_LOG_LEVEL=-1
[2m[33m(raylet)[0m [2022-10-17 12:31:42,628 I 2640343 2640343] logging.cc:191: Set ray log level from environment variable RAY_BACKEND_LOG_LEVEL to 0
[2m[33m(raylet)[0m [2022-10-17 12:31:43,347 W 2640370 2640370] logging.cc:189: Unrecognized setting of RAY_BACKEND_LOG_LEVEL=-1
[2m[33m(raylet)[0m [2022-10-17 12:31:43,347 I 2640370 2640370] logging.cc:191: Set ray log level from environment variable RAY_BACKEND_LOG_LEVEL to 0
[2m[33m(raylet)[0m [2022-10-17 12:31:43,751 W 2640383 2640383] logging.cc:189: Unrecognized setting of RAY_BACKEND_LOG_LEVEL=-1
[2m[33m(raylet)[0m [2022-10-17 12:31:43,751 I 2640383 2640383] logging.cc:191: Set ray log level from environment variable RAY_BACKEND_LOG_LEVEL to 0
[2m[33m(raylet)[0m [2022-10-17 12:31:45,392 W 2640429 2640429] logging.cc:189: Unrecognized setting of RAY_BACKEND_LOG_LEVEL=-1
[2m[33m(raylet)[0m [2022-10-17 12:31:45,392 I 2640429 2640429] logging.cc:191: Set ray log level from environment variable RAY_BACKEND_LOG_LEVEL to 0
[2m[33m(raylet)[0m [2022-10-17 12:31:45,607 W 2640416 2640416] logging.cc:189: Unrecognized setting of RAY_BACKEND_LOG_LEVEL=-1
[2m[33m(raylet)[0m [2022-10-17 12:31:45,607 I 2640416 2640416] logging.cc:191: Set ray log level from environment variable RAY_BACKEND_LOG_LEVEL to 0
[2m[33m(raylet)[0m [2022-10-17 12:31:46,608 W 2640504 2640504] logging.cc:189: Unrecognized setting of RAY_BACKEND_LOG_LEVEL=-1
[2m[33m(raylet)[0m [2022-10-17 12:31:46,608 I 2640504 2640504] logging.cc:191: Set ray log level from environment variable RAY_BACKEND_LOG_LEVEL to 0
[2m[33m(raylet)[0m [2022-10-17 12:31:48,365 W 2641047 2641047] logging.cc:189: Unrecognized setting of RAY_BACKEND_LOG_LEVEL=-1
[2m[33m(raylet)[0m [2022-10-17 12:31:48,365 I 2641047 2641047] logging.cc:191: Set ray log level from environment variable RAY_BACKEND_LOG_LEVEL to 0
[2m[33m(raylet)[0m [2022-10-17 12:31:48,702 W 2640995 2640995] logging.cc:189: Unrecognized setting of RAY_BACKEND_LOG_LEVEL=-1
[2m[33m(raylet)[0m [2022-10-17 12:31:48,702 I 2640995 2640995] logging.cc:191: Set ray log level from environment variable RAY_BACKEND_LOG_LEVEL to 0
[2m[33m(raylet)[0m [2022-10-17 12:31:49,930 W 2641063 2641063] logging.cc:189: Unrecognized setting of RAY_BACKEND_LOG_LEVEL=-1
[2m[33m(raylet)[0m [2022-10-17 12:31:49,930 I 2641063 2641063] logging.cc:191: Set ray log level from environment variable RAY_BACKEND_LOG_LEVEL to 0
[2m[33m(raylet)[0m [2022-10-17 12:31:50,760 W 2641097 2641097] logging.cc:189: Unrecognized setting of RAY_BACKEND_LOG_LEVEL=-1
[2m[33m(raylet)[0m [2022-10-17 12:31:50,760 I 2641097 2641097] logging.cc:191: Set ray log level from environment variable RAY_BACKEND_LOG_LEVEL to 0
[2m[33m(raylet)[0m [2022-10-17 12:31:51,409 W 2641108 2641108] logging.cc:189: Unrecognized setting of RAY_BACKEND_LOG_LEVEL=-1
[2m[33m(raylet)[0m [2022-10-17 12:31:51,409 I 2641108 2641108] logging.cc:191: Set ray log level from environment variable RAY_BACKEND_LOG_LEVEL to 0
[2m[33m(raylet)[0m [2022-10-17 12:31:52,781 W 2641122 2641122] logging.cc:189: Unrecognized setting of RAY_BACKEND_LOG_LEVEL=-1
[2m[33m(raylet)[0m [2022-10-17 12:31:52,782 I 2641122 2641122] logging.cc:191: Set ray log level from environment variable RAY_BACKEND_LOG_LEVEL to 0
[2m[33m(raylet)[0m [2022-10-17 12:31:53,793 W 2641146 2641146] logging.cc:189: Unrecognized setting of RAY_BACKEND_LOG_LEVEL=-1
[2m[33m(raylet)[0m [2022-10-17 12:31:53,793 I 2641146 2641146] logging.cc:191: Set ray log level from environment variable RAY_BACKEND_LOG_LEVEL to 0
[2m[33m(raylet)[0m [2022-10-17 12:31:55,465 W 2641156 2641156] logging.cc:189: Unrecognized setting of RAY_BACKEND_LOG_LEVEL=-1
[2m[33m(raylet)[0m [2022-10-17 12:31:55,465 I 2641156 2641156] logging.cc:191: Set ray log level from environment variable RAY_BACKEND_LOG_LEVEL to 0
[2m[33m(raylet)[0m [2022-10-17 12:31:55,998 W 2641169 2641169] logging.cc:189: Unrecognized setting of RAY_BACKEND_LOG_LEVEL=-1
[2m[33m(raylet)[0m [2022-10-17 12:31:55,999 I 2641169 2641169] logging.cc:191: Set ray log level from environment variable RAY_BACKEND_LOG_LEVEL to 0
[2m[33m(raylet)[0m [2022-10-17 12:31:56,391 W 2641210 2641210] logging.cc:189: Unrecognized setting of RAY_BACKEND_LOG_LEVEL=-1
[2m[33m(raylet)[0m [2022-10-17 12:31:56,391 I 2641210 2641210] logging.cc:191: Set ray log level from environment variable RAY_BACKEND_LOG_LEVEL to 0
[2m[33m(raylet)[0m [2022-10-17 12:31:58,768 W 2641282 2641282] logging.cc:189: Unrecognized setting of RAY_BACKEND_LOG_LEVEL=-1
[2m[33m(raylet)[0m [2022-10-17 12:31:58,768 I 2641282 2641282] logging.cc:191: Set ray log level from environment variable RAY_BACKEND_LOG_LEVEL to 0
[2m[33m(raylet)[0m [2022-10-17 12:31:59,405 W 2641589 2641589] logging.cc:189: Unrecognized setting of RAY_BACKEND_LOG_LEVEL=-1
[2m[33m(raylet)[0m [2022-10-17 12:31:59,405 I 2641589 2641589] logging.cc:191: Set ray log level from environment variable RAY_BACKEND_LOG_LEVEL to 0
[2m[33m(raylet)[0m [2022-10-17 12:32:00,176 W 2641621 2641621] logging.cc:189: Unrecognized setting of RAY_BACKEND_LOG_LEVEL=-1
[2m[33m(raylet)[0m [2022-10-17 12:32:00,176 I 2641621 2641621] logging.cc:191: Set ray log level from environment variable RAY_BACKEND_LOG_LEVEL to 0
[2m[33m(raylet)[0m [2022-10-17 12:32:01,583 W 2641673 2641673] logging.cc:189: Unrecognized setting of RAY_BACKEND_LOG_LEVEL=-1
[2m[33m(raylet)[0m [2022-10-17 12:32:01,583 I 2641673 2641673] logging.cc:191: Set ray log level from environment variable RAY_BACKEND_LOG_LEVEL to 0
[2m[33m(raylet)[0m [2022-10-17 12:32:03,783 W 2641702 2641702] logging.cc:189: Unrecognized setting of RAY_BACKEND_LOG_LEVEL=-1
[2m[33m(raylet)[0m [2022-10-17 12:32:03,783 I 2641702 2641702] logging.cc:191: Set ray log level from environment variable RAY_BACKEND_LOG_LEVEL to 0
[2m[33m(raylet)[0m [2022-10-17 12:32:04,517 W 2641777 2641777] logging.cc:189: Unrecognized setting of RAY_BACKEND_LOG_LEVEL=-1
[2m[33m(raylet)[0m [2022-10-17 12:32:04,517 I 2641777 2641777] logging.cc:191: Set ray log level from environment variable RAY_BACKEND_LOG_LEVEL to 0
[2m[33m(raylet)[0m [2022-10-17 12:32:06,167 W 2641863 2641863] logging.cc:189: Unrecognized setting of RAY_BACKEND_LOG_LEVEL=-1
[2m[33m(raylet)[0m [2022-10-17 12:32:06,167 I 2641863 2641863] logging.cc:191: Set ray log level from environment variable RAY_BACKEND_LOG_LEVEL to 0
[2m[33m(raylet)[0m [2022-10-17 12:32:08,984 W 2641914 2641914] logging.cc:189: Unrecognized setting of RAY_BACKEND_LOG_LEVEL=-1
[2m[33m(raylet)[0m [2022-10-17 12:32:08,984 I 2641914 2641914] logging.cc:191: Set ray log level from environment variable RAY_BACKEND_LOG_LEVEL to 0
[2m[33m(raylet)[0m [2022-10-17 12:32:09,206 W 2641937 2641937] logging.cc:189: Unrecognized setting of RAY_BACKEND_LOG_LEVEL=-1
[2m[33m(raylet)[0m [2022-10-17 12:32:09,206 I 2641937 2641937] logging.cc:191: Set ray log level from environment variable RAY_BACKEND_LOG_LEVEL to 0
[2m[33m(raylet)[0m [2022-10-17 12:32:10,861 W 2642008 2642008] logging.cc:189: Unrecognized setting of RAY_BACKEND_LOG_LEVEL=-1
[2m[33m(raylet)[0m [2022-10-17 12:32:10,861 I 2642008 2642008] logging.cc:191: Set ray log level from environment variable RAY_BACKEND_LOG_LEVEL to 0
[2m[33m(raylet)[0m [2022-10-17 12:32:11,913 W 2642049 2642049] logging.cc:189: Unrecognized setting of RAY_BACKEND_LOG_LEVEL=-1
[2m[33m(raylet)[0m [2022-10-17 12:32:11,913 I 2642049 2642049] logging.cc:191: Set ray log level from environment variable RAY_BACKEND_LOG_LEVEL to 0
[2m[33m(raylet)[0m [2022-10-17 12:32:13,344 W 2642394 2642394] logging.cc:189: Unrecognized setting of RAY_BACKEND_LOG_LEVEL=-1
[2m[33m(raylet)[0m [2022-10-17 12:32:13,344 I 2642394 2642394] logging.cc:191: Set ray log level from environment variable RAY_BACKEND_LOG_LEVEL to 0
[2m[33m(raylet)[0m [2022-10-17 12:32:13,720 E 2642394 2642394] core_worker.cc:451: Failed to register worker 8d881bbb1bfc9ed22b7a6c588e6af8613f77e4417ab3d272d1fb2107 to Raylet. Invalid: Invalid: Unknown worker
[2m[33m(raylet)[0m [2022-10-17 12:32:15,525 W 2642464 2642464] logging.cc:189: Unrecognized setting of RAY_BACKEND_LOG_LEVEL=-1
[2m[33m(raylet)[0m [2022-10-17 12:32:15,525 I 2642464 2642464] logging.cc:191: Set ray log level from environment variable RAY_BACKEND_LOG_LEVEL to 0
[2m[33m(raylet)[0m [2022-10-17 12:32:16,322 E 2642464 2642464] core_worker.cc:451: Failed to register worker caeb923e6e50380b990ad887a3dc68d3f3af1f59c52bcf8d6805d41a to Raylet. Invalid: Invalid: Unknown worker
[2m[33m(raylet)[0m [2022-10-17 12:32:16,950 W 2642507 2642507] logging.cc:189: Unrecognized setting of RAY_BACKEND_LOG_LEVEL=-1
[2m[33m(raylet)[0m [2022-10-17 12:32:16,950 I 2642507 2642507] logging.cc:191: Set ray log level from environment variable RAY_BACKEND_LOG_LEVEL to 0
[2m[33m(raylet)[0m [2022-10-17 12:32:18,491 E 2642507 2642507] core_worker.cc:451: Failed to register worker b71835122baa5da95d115ed1cab7d744464988661e095494d6951052 to Raylet. Invalid: Invalid: Unknown worker
DEBUG:urllib3.connectionpool:Starting new HTTPS connection (1): o151352.ingest.sentry.io:443
DEBUG:urllib3.connectionpool:https://o151352.ingest.sentry.io:443 "POST /api/5288891/envelope/ HTTP/1.1" 200 2
[2m[33m(raylet)[0m [2022-10-17 12:32:18,695 W 2642572 2642572] logging.cc:189: Unrecognized setting of RAY_BACKEND_LOG_LEVEL=-1
[2m[33m(raylet)[0m [2022-10-17 12:32:18,695 I 2642572 2642572] logging.cc:191: Set ray log level from environment variable RAY_BACKEND_LOG_LEVEL to 0
[2m[33m(raylet)[0m [2022-10-17 12:32:20,729 W 2642641 2642641] logging.cc:189: Unrecognized setting of RAY_BACKEND_LOG_LEVEL=-1
[2m[33m(raylet)[0m [2022-10-17 12:32:20,729 I 2642641 2642641] logging.cc:191: Set ray log level from environment variable RAY_BACKEND_LOG_LEVEL to 0
[2m[33m(raylet)[0m [2022-10-17 12:32:20,765 E 2642572 2642572] core_worker.cc:451: Failed to register worker 44cafb6921bc55bfca262f1477b80e0ecc47fe4a6ad128da8dc11077 to Raylet. Invalid: Invalid: Unknown worker
[2m[33m(raylet)[0m [2022-10-17 12:32:21,183 W 2642683 2642683] logging.cc:189: Unrecognized setting of RAY_BACKEND_LOG_LEVEL=-1
[2m[33m(raylet)[0m [2022-10-17 12:32:21,183 I 2642683 2642683] logging.cc:191: Set ray log level from environment variable RAY_BACKEND_LOG_LEVEL to 0
[2m[33m(raylet)[0m [2022-10-17 12:32:22,027 E 2642641 2642641] core_worker.cc:451: Failed to register worker fc1189b1cb29d727edbf6fb078dc33efd6713911d73ea6fa99687ceb to Raylet. Invalid: Invalid: Unknown worker
[2m[33m(raylet)[0m [2022-10-17 12:32:22,330 E 2642683 2642683] core_worker.cc:451: Failed to register worker fa5d840b3c532048dec2bfa83d27e56c273af7aab15c16257af9c1cd to Raylet. Invalid: Invalid: Unknown worker
[2m[33m(raylet)[0m [2022-10-17 12:32:22,676 W 2642750 2642750] logging.cc:189: Unrecognized setting of RAY_BACKEND_LOG_LEVEL=-1
[2m[33m(raylet)[0m [2022-10-17 12:32:22,676 I 2642750 2642750] logging.cc:191: Set ray log level from environment variable RAY_BACKEND_LOG_LEVEL to 0
[2m[33m(raylet)[0m [2022-10-17 12:32:24,577 E 2642750 2642750] core_worker.cc:451: Failed to register worker 8fa96850fbff1d91978f548a8d27e4b12cb877a65644ad0c739d067b to Raylet. Invalid: Invalid: Unknown worker
[2m[33m(raylet)[0m [2022-10-17 12:32:26,033 W 2643166 2643166] logging.cc:189: Unrecognized setting of RAY_BACKEND_LOG_LEVEL=-1
[2m[33m(raylet)[0m [2022-10-17 12:32:26,033 I 2643166 2643166] logging.cc:191: Set ray log level from environment variable RAY_BACKEND_LOG_LEVEL to 0
[2m[33m(raylet)[0m [2022-10-17 12:32:26,933 W 2643236 2643236] logging.cc:189: Unrecognized setting of RAY_BACKEND_LOG_LEVEL=-1
[2m[33m(raylet)[0m [2022-10-17 12:32:26,933 I 2643236 2643236] logging.cc:191: Set ray log level from environment variable RAY_BACKEND_LOG_LEVEL to 0
[2m[33m(raylet)[0m [2022-10-17 12:32:27,924 E 2643166 2643166] core_worker.cc:451: Failed to register worker 88c14656815c7f078d03f998d32bdf1c5b8782c35895a7fe6995d295 to Raylet. Invalid: Invalid: Unknown worker
[2m[33m(raylet)[0m [2022-10-17 12:32:28,517 E 2643236 2643236] core_worker.cc:451: Failed to register worker f96ac1f4f34a6a1ad74cae2ce080f4160bc737727cd0c368f03d49de to Raylet. Invalid: Invalid: Unknown worker
[2m[33m(raylet)[0m [2022-10-17 12:32:29,682 W 2643421 2643421] logging.cc:189: Unrecognized setting of RAY_BACKEND_LOG_LEVEL=-1
[2m[33m(raylet)[0m [2022-10-17 12:32:29,682 I 2643421 2643421] logging.cc:191: Set ray log level from environment variable RAY_BACKEND_LOG_LEVEL to 0
[2m[33m(raylet)[0m [2022-10-17 12:32:30,502 E 2643421 2643421] core_worker.cc:451: Failed to register worker dbe16b81d922c7664057140e86d6496ac96e05fdb50a5011b86e5646 to Raylet. Invalid: Invalid: Unknown worker
[2m[33m(raylet)[0m [2022-10-17 12:32:31,816 W 2643871 2643871] logging.cc:189: Unrecognized setting of RAY_BACKEND_LOG_LEVEL=-1
[2m[33m(raylet)[0m [2022-10-17 12:32:31,816 I 2643871 2643871] logging.cc:191: Set ray log level from environment variable RAY_BACKEND_LOG_LEVEL to 0
[2m[33m(raylet)[0m [2022-10-17 12:32:32,797 W 2643918 2643918] logging.cc:189: Unrecognized setting of RAY_BACKEND_LOG_LEVEL=-1
[2m[33m(raylet)[0m [2022-10-17 12:32:32,797 I 2643918 2643918] logging.cc:191: Set ray log level from environment variable RAY_BACKEND_LOG_LEVEL to 0
[2m[33m(raylet)[0m [2022-10-17 12:32:32,878 E 2643871 2643871] core_worker.cc:451: Failed to register worker cfaccd47a6235b3501e650516db4b01751864a5f2eef309dcafde006 to Raylet. Invalid: Invalid: Unknown worker
[2m[33m(raylet)[0m [2022-10-17 12:32:33,278 E 2643918 2643918] core_worker.cc:451: Failed to register worker 37535f6e31e6b73d6f69aab72dc26c29ba9a9065ed8e0d1c8c808d00 to Raylet. Invalid: Invalid: Unknown worker
[2m[33m(raylet)[0m [2022-10-17 12:32:34,341 W 2643979 2643979] logging.cc:189: Unrecognized setting of RAY_BACKEND_LOG_LEVEL=-1
[2m[33m(raylet)[0m [2022-10-17 12:32:34,341 I 2643979 2643979] logging.cc:191: Set ray log level from environment variable RAY_BACKEND_LOG_LEVEL to 0
[2m[33m(raylet)[0m [2022-10-17 12:32:35,661 E 2643979 2643979] core_worker.cc:451: Failed to register worker 51a066da674ba8b69f3d777a77f3106ca0a421b8edefb496e2052dbf to Raylet. Invalid: Invalid: Unknown worker
[2m[33m(raylet)[0m [2022-10-17 12:32:37,040 W 2644049 2644049] logging.cc:189: Unrecognized setting of RAY_BACKEND_LOG_LEVEL=-1
[2m[33m(raylet)[0m [2022-10-17 12:32:37,040 I 2644049 2644049] logging.cc:191: Set ray log level from environment variable RAY_BACKEND_LOG_LEVEL to 0
[2m[33m(raylet)[0m [2022-10-17 12:32:37,297 E 2644049 2644049] core_worker.cc:451: Failed to register worker e8b168d7ee2c028e3f98792cf2edd0bb73f8a27989245c1b9f29c5d3 to Raylet. Invalid: Invalid: Unknown worker
[2m[33m(raylet)[0m [2022-10-17 12:32:39,835 W 2644117 2644117] logging.cc:189: Unrecognized setting of RAY_BACKEND_LOG_LEVEL=-1
[2m[33m(raylet)[0m [2022-10-17 12:32:39,835 I 2644117 2644117] logging.cc:191: Set ray log level from environment variable RAY_BACKEND_LOG_LEVEL to 0
[2m[33m(raylet)[0m [2022-10-17 12:32:40,683 E 2644117 2644117] core_worker.cc:451: Failed to register worker 387c889e613fb919846533f77391f3496ae01d8b2e0fc241b44cd0d5 to Raylet. Invalid: Invalid: Unknown worker
[2m[33m(raylet)[0m [2022-10-17 12:32:42,234 W 2644661 2644661] logging.cc:189: Unrecognized setting of RAY_BACKEND_LOG_LEVEL=-1
[2m[33m(raylet)[0m [2022-10-17 12:32:42,234 I 2644661 2644661] logging.cc:191: Set ray log level from environment variable RAY_BACKEND_LOG_LEVEL to 0
[2m[33m(raylet)[0m [2022-10-17 12:32:42,614 E 2644661 2644661] core_worker.cc:451: Failed to register worker a51c63374130ae6a9ebcbd027bf4e0d8e1ff7ae0d870c0606b269bf4 to Raylet. Invalid: Invalid: Unknown worker
[2m[33m(raylet)[0m [2022-10-17 12:32:43,906 W 2644726 2644726] logging.cc:189: Unrecognized setting of RAY_BACKEND_LOG_LEVEL=-1
[2m[33m(raylet)[0m [2022-10-17 12:32:43,907 I 2644726 2644726] logging.cc:191: Set ray log level from environment variable RAY_BACKEND_LOG_LEVEL to 0
[2m[33m(raylet)[0m [2022-10-17 12:32:45,034 W 2644789 2644789] logging.cc:189: Unrecognized setting of RAY_BACKEND_LOG_LEVEL=-1
[2m[33m(raylet)[0m [2022-10-17 12:32:45,034 I 2644789 2644789] logging.cc:191: Set ray log level from environment variable RAY_BACKEND_LOG_LEVEL to 0
[2m[33m(raylet)[0m [2022-10-17 12:32:45,862 E 2644726 2644726] core_worker.cc:451: Failed to register worker c474066a5beee05b28f63d0af4dd69cc2ebf170bed463480d12dff56 to Raylet. Invalid: Invalid: Unknown worker
[2m[33m(raylet)[0m [2022-10-17 12:32:46,691 E 2644789 2644789] core_worker.cc:451: Failed to register worker 7e122f83f9743607bd0905f416914c58babb741cfb38541fc7595e5f to Raylet. Invalid: Invalid: Unknown worker
[2m[33m(raylet)[0m [2022-10-17 12:32:48,384 W 2644868 2644868] logging.cc:189: Unrecognized setting of RAY_BACKEND_LOG_LEVEL=-1
[2m[33m(raylet)[0m [2022-10-17 12:32:48,384 I 2644868 2644868] logging.cc:191: Set ray log level from environment variable RAY_BACKEND_LOG_LEVEL to 0
[2m[33m(raylet)[0m [2022-10-17 12:32:49,090 W 2645186 2645186] logging.cc:189: Unrecognized setting of RAY_BACKEND_LOG_LEVEL=-1
[2m[33m(raylet)[0m [2022-10-17 12:32:49,090 I 2645186 2645186] logging.cc:191: Set ray log level from environment variable RAY_BACKEND_LOG_LEVEL to 0
[2m[33m(raylet)[0m [2022-10-17 12:32:51,538 W 2645571 2645571] logging.cc:189: Unrecognized setting of RAY_BACKEND_LOG_LEVEL=-1
[2m[33m(raylet)[0m [2022-10-17 12:32:51,538 I 2645571 2645571] logging.cc:191: Set ray log level from environment variable RAY_BACKEND_LOG_LEVEL to 0
[2m[33m(raylet)[0m [2022-10-17 12:32:51,852 E 2644868 2644868] core_worker.cc:451: Failed to register worker 752db967e1ff11a04763c3da99f6aabb2bc35956dc28fefa2c19b60b to Raylet. Invalid: Invalid: Unknown worker
[2m[33m(raylet)[0m [2022-10-17 12:32:53,591 E 2645186 2645186] core_worker.cc:451: Failed to register worker 0935eb9ce9a036a5da8bbad0af143d855f6da78e1a9500bc0e5605bb to Raylet. Invalid: Invalid: Unknown worker
[2m[33m(raylet)[0m [2022-10-17 12:32:55,481 W 2645979 2645979] logging.cc:189: Unrecognized setting of RAY_BACKEND_LOG_LEVEL=-1
[2m[33m(raylet)[0m [2022-10-17 12:32:55,481 I 2645979 2645979] logging.cc:191: Set ray log level from environment variable RAY_BACKEND_LOG_LEVEL to 0
[2m[33m(raylet)[0m [2022-10-17 12:32:55,635 W 2646058 2646058] logging.cc:189: Unrecognized setting of RAY_BACKEND_LOG_LEVEL=-1
[2m[33m(raylet)[0m [2022-10-17 12:32:55,635 I 2646058 2646058] logging.cc:191: Set ray log level from environment variable RAY_BACKEND_LOG_LEVEL to 0
[2m[33m(raylet)[0m [2022-10-17 12:32:57,787 E 2645571 2645571] core_worker.cc:451: Failed to register worker fac97fa7f556f568f094973a97a291f2c40fa6affb31e971837df573 to Raylet. Invalid: Invalid: Unknown worker
[2m[33m(raylet)[0m [2022-10-17 12:32:58,666 W 2646120 2646120] logging.cc:189: Unrecognized setting of RAY_BACKEND_LOG_LEVEL=-1
[2m[33m(raylet)[0m [2022-10-17 12:32:58,666 I 2646120 2646120] logging.cc:191: Set ray log level from environment variable RAY_BACKEND_LOG_LEVEL to 0
[2m[33m(raylet)[0m [2022-10-17 12:33:03,091 W 2646272 2646272] logging.cc:189: Unrecognized setting of RAY_BACKEND_LOG_LEVEL=-1
[2m[33m(raylet)[0m [2022-10-17 12:33:03,091 I 2646272 2646272] logging.cc:191: Set ray log level from environment variable RAY_BACKEND_LOG_LEVEL to 0
[2m[33m(raylet)[0m [2022-10-17 12:33:03,935 W 2646996 2646996] logging.cc:189: Unrecognized setting of RAY_BACKEND_LOG_LEVEL=-1
[2m[33m(raylet)[0m [2022-10-17 12:33:03,935 I 2646996 2646996] logging.cc:191: Set ray log level from environment variable RAY_BACKEND_LOG_LEVEL to 0
[2m[33m(raylet)[0m [2022-10-17 12:33:05,661 E 2646058 2646058] core_worker.cc:451: Failed to register worker 44a72dac1678ea71f0110ce898843fded258d3a834fcb7ce69e2873e to Raylet. Invalid: Invalid: Unknown worker
[2m[33m(raylet)[0m [2022-10-17 12:33:06,928 W 2647081 2647081] logging.cc:189: Unrecognized setting of RAY_BACKEND_LOG_LEVEL=-1
[2m[33m(raylet)[0m [2022-10-17 12:33:06,928 I 2647081 2647081] logging.cc:191: Set ray log level from environment variable RAY_BACKEND_LOG_LEVEL to 0
[2m[33m(raylet)[0m [2022-10-17 12:33:07,927 W 2647118 2647118] logging.cc:189: Unrecognized setting of RAY_BACKEND_LOG_LEVEL=-1
[2m[33m(raylet)[0m [2022-10-17 12:33:07,928 I 2647118 2647118] logging.cc:191: Set ray log level from environment variable RAY_BACKEND_LOG_LEVEL to 0
[2m[33m(raylet)[0m [2022-10-17 12:33:07,984 W 2647207 2647207] logging.cc:189: Unrecognized setting of RAY_BACKEND_LOG_LEVEL=-1
[2m[33m(raylet)[0m [2022-10-17 12:33:07,984 I 2647207 2647207] logging.cc:191: Set ray log level from environment variable RAY_BACKEND_LOG_LEVEL to 0
[2m[33m(raylet)[0m [2022-10-17 12:33:08,376 W 2647147 2647147] logging.cc:189: Unrecognized setting of RAY_BACKEND_LOG_LEVEL=-1
[2m[33m(raylet)[0m [2022-10-17 12:33:08,376 I 2647147 2647147] logging.cc:191: Set ray log level from environment variable RAY_BACKEND_LOG_LEVEL to 0
[2m[33m(raylet)[0m [2022-10-17 12:33:08,386 W 2647180 2647180] logging.cc:189: Unrecognized setting of RAY_BACKEND_LOG_LEVEL=-1
[2m[33m(raylet)[0m [2022-10-17 12:33:08,386 I 2647180 2647180] logging.cc:191: Set ray log level from environment variable RAY_BACKEND_LOG_LEVEL to 0
[2m[33m(raylet)[0m [2022-10-17 12:33:09,213 E 2645979 2645979] core_worker.cc:451: Failed to register worker b19812500fc29ec637223a0c9ace7476c60785e0a82bf1db6b978163 to Raylet. Invalid: Invalid: Unknown worker
[2m[33m(raylet)[0m [2022-10-17 12:33:11,601 W 2647314 2647314] logging.cc:189: Unrecognized setting of RAY_BACKEND_LOG_LEVEL=-1
[2m[33m(raylet)[0m [2022-10-17 12:33:11,602 I 2647314 2647314] logging.cc:191: Set ray log level from environment variable RAY_BACKEND_LOG_LEVEL to 0
[2m[33m(raylet)[0m [2022-10-17 12:33:11,848 W 2647237 2647237] logging.cc:189: Unrecognized setting of RAY_BACKEND_LOG_LEVEL=-1
[2m[33m(raylet)[0m [2022-10-17 12:33:11,848 I 2647237 2647237] logging.cc:191: Set ray log level from environment variable RAY_BACKEND_LOG_LEVEL to 0
[2m[33m(raylet)[0m [2022-10-17 12:33:11,894 W 2647253 2647253] logging.cc:189: Unrecognized setting of RAY_BACKEND_LOG_LEVEL=-1
[2m[33m(raylet)[0m [2022-10-17 12:33:11,894 I 2647253 2647253] logging.cc:191: Set ray log level from environment variable RAY_BACKEND_LOG_LEVEL to 0
[2m[33m(raylet)[0m [2022-10-17 12:33:12,069 E 2646120 2646120] core_worker.cc:451: Failed to register worker 52dfb86cb3fa1447d4e8f46d7e6c7bdc3b1b5be9e3814417d6014e46 to Raylet. Invalid: Invalid: Unknown worker
[2m[33m(raylet)[0m [2022-10-17 12:33:12,798 W 2647319 2647319] logging.cc:189: Unrecognized setting of RAY_BACKEND_LOG_LEVEL=-1
[2m[33m(raylet)[0m [2022-10-17 12:33:12,798 I 2647319 2647319] logging.cc:191: Set ray log level from environment variable RAY_BACKEND_LOG_LEVEL to 0
[2m[33m(raylet)[0m [2022-10-17 12:33:14,205 W 2647307 2647307] logging.cc:189: Unrecognized setting of RAY_BACKEND_LOG_LEVEL=-1
[2m[33m(raylet)[0m [2022-10-17 12:33:14,205 I 2647307 2647307] logging.cc:191: Set ray log level from environment variable RAY_BACKEND_LOG_LEVEL to 0
[2m[33m(raylet)[0m [2022-10-17 12:33:15,705 E 2646272 2646272] core_worker.cc:451: Failed to register worker 0befb8267782f04c515e5fcd358dbb4489ad88ddaa92dc763ba10182 to Raylet. Invalid: Invalid: Unknown worker
[2m[33m(raylet)[0m [2022-10-17 12:33:16,231 W 2647989 2647989] logging.cc:189: Unrecognized setting of RAY_BACKEND_LOG_LEVEL=-1
[2m[33m(raylet)[0m [2022-10-17 12:33:16,375 I 2647989 2647989] logging.cc:191: Set ray log level from environment variable RAY_BACKEND_LOG_LEVEL to 0
[2m[33m(raylet)[0m [2022-10-17 12:33:16,276 W 2647386 2647386] logging.cc:189: Unrecognized setting of RAY_BACKEND_LOG_LEVEL=-1
[2m[33m(raylet)[0m [2022-10-17 12:33:16,395 I 2647386 2647386] logging.cc:191: Set ray log level from environment variable RAY_BACKEND_LOG_LEVEL to 0
[2m[33m(raylet)[0m [2022-10-17 12:33:16,291 W 2647398 2647398] logging.cc:189: Unrecognized setting of RAY_BACKEND_LOG_LEVEL=-1
[2m[33m(raylet)[0m [2022-10-17 12:33:16,416 I 2647398 2647398] logging.cc:191: Set ray log level from environment variable RAY_BACKEND_LOG_LEVEL to 0
[2m[33m(raylet)[0m [2022-10-17 12:33:16,860 W 2647806 2647806] logging.cc:189: Unrecognized setting of RAY_BACKEND_LOG_LEVEL=-1
[2m[33m(raylet)[0m [2022-10-17 12:33:16,860 I 2647806 2647806] logging.cc:191: Set ray log level from environment variable RAY_BACKEND_LOG_LEVEL to 0
slurmstepd: error: *** JOB 65664448 ON learnfair0257 CANCELLED AT 2022-10-17T12:33:16 DUE TO TIME LIMIT ***
srun: Job step aborted: Waiting up to 32 seconds for job step to finish.
slurmstepd: error: *** STEP 65664448.1 ON learnfair0257 CANCELLED AT 2022-10-17T12:33:16 DUE TO TIME LIMIT ***
