Address Head: 100.97.71.163:6888
RAY_ADDRESS: auto
REDIS_PASSWORD: 9c7a7e15-ca4a-435b-93b4-b809689f9216
Starting HEAD at learnfair0641
SUCCESS
Worker number = 0
Starting command: 
2022-10-17 15:12:04,828	INFO scripts.py:612 -- Local node IP: 100.97.71.163
2022-10-17 15:12:12,695	SUCC scripts.py:651 -- --------------------
2022-10-17 15:12:12,695	SUCC scripts.py:652 -- Ray runtime started.
2022-10-17 15:12:12,695	SUCC scripts.py:653 -- --------------------
2022-10-17 15:12:12,695	INFO scripts.py:655 -- Next steps
2022-10-17 15:12:12,695	INFO scripts.py:656 -- To connect to this Ray runtime from another node, run
2022-10-17 15:12:12,695	INFO scripts.py:660 --   ray start --address='100.97.71.163:6888' --redis-password='9c7a7e15-ca4a-435b-93b4-b809689f9216'
2022-10-17 15:12:12,695	INFO scripts.py:665 -- Alternatively, use the following Python code:
2022-10-17 15:12:12,696	INFO scripts.py:668 -- import ray
2022-10-17 15:12:12,696	INFO scripts.py:669 -- ray.init(address='auto', _redis_password='9c7a7e15-ca4a-435b-93b4-b809689f9216')
2022-10-17 15:12:12,696	INFO scripts.py:677 -- To connect to this Ray runtime from outside of the cluster, for example to
2022-10-17 15:12:12,696	INFO scripts.py:679 -- connect to a remote cluster from your laptop directly, use the following
2022-10-17 15:12:12,696	INFO scripts.py:681 -- Python code:
2022-10-17 15:12:12,697	INFO scripts.py:684 -- import ray
2022-10-17 15:12:12,697	INFO scripts.py:685 -- ray.init(address='ray://<head_node_ip_address>:10001')
2022-10-17 15:12:12,697	INFO scripts.py:691 -- If connection fails, check your firewall settings and network configuration.
2022-10-17 15:12:12,697	INFO scripts.py:696 -- To terminate the Ray runtime, run
2022-10-17 15:12:12,697	INFO scripts.py:697 --   ray stop
2022-10-17 15:12:12,697	INFO scripts.py:765 -- --block
2022-10-17 15:12:12,697	INFO scripts.py:766 -- This command will now block until terminated by a signal.
2022-10-17 15:12:12,697	INFO scripts.py:768 -- Running subprocesses are monitored and a message will be printed if any of them terminate unexpectedly.
auto 100.97.71.163 9c7a7e15-ca4a-435b-93b4-b809689f9216
--- 2
1017 15:12:32 ray.worker] Using address auto set in the environment variable RAY_ADDRESS
1017 15:12:34 compiler_gym.service.connection] Exec `./example_service.py --working_dir=/dev/shm/compiler_gym_dejang/s/1017T151234-315371-584b --alsologtostderr -v=1 --logbuflevel=-1`
1017 15:12:38 compiler_gym.service.client_service_compiler_env] Setting benchmark: benchmark://mm32_8_16_8_4_16-v0/012345
--- 3
== Status ==
Current time: 2022-10-17 15:12:39 (running for 00:00:00.22)
Memory usage on this node: 60.6/503.8 GiB
Using FIFO scheduling algorithm.
Resources requested: 0/80 CPUs, 0/1 GPUs, 0.0/309.57 GiB heap, 0.0/136.66 GiB objects (0.0/1.0 accelerator_type:V100)
Result logdir: /private/home/dejang/ray_results/PPO_2022-10-17_15-12-38
Number of trials: 1/1 (1 PENDING)
+----------------------------------+----------+-------+
| Trial name                       | status   | loc   |
|----------------------------------+----------+-------|
| PPO_loop_tool_env-v0_cff02_00000 | PENDING  |       |
+----------------------------------+----------+-------+


1017 15:12:41 git.cmd] Popen(['git', 'rev-parse', '--show-toplevel'], cwd=/private/home/dejang/tools/cg_rllib_slurm, universal_newlines=False, shell=None, istream=None)
1017 15:12:44 urllib3.connectionpool] Starting new HTTPS connection (1): api.wandb.ai:443
1017 15:12:44 urllib3.connectionpool] https://api.wandb.ai:443 "POST /graphql HTTP/1.1" 200 521
1017 15:12:44 urllib3.connectionpool] Starting new HTTPS connection (1): api.wandb.ai:443
1017 15:12:44 urllib3.connectionpool] https://api.wandb.ai:443 "POST /graphql HTTP/1.1" 200 325
1017 15:12:44 git.cmd] Popen(['git', 'cat-file', '--batch-check'], cwd=/private/home/dejang/tools/cg_rllib_slurm, universal_newlines=False, shell=None, istream=<valid stream>)
== Status ==
Current time: 2022-10-17 15:13:05 (running for 00:00:26.58)
Memory usage on this node: 58.2/503.8 GiB
Using FIFO scheduling algorithm.
Resources requested: 2.0/80 CPUs, 0/1 GPUs, 0.0/309.57 GiB heap, 0.0/136.66 GiB objects (0.0/1.0 accelerator_type:V100)
Result logdir: /private/home/dejang/ray_results/PPO_2022-10-17_15-12-38
Number of trials: 1/1 (1 RUNNING)
+----------------------------------+----------+-----------------------+
| Trial name                       | status   | loc                   |
|----------------------------------+----------+-----------------------|
| PPO_loop_tool_env-v0_cff02_00000 | RUNNING  | 100.97.71.163:3532260 |
+----------------------------------+----------+-----------------------+


Result for PPO_loop_tool_env-v0_cff02_00000:
  agent_timesteps_total: 5
  custom_metrics: {}
  date: 2022-10-17_15-13-06
  done: true
  episode_len_mean: .nan
  episode_media: {}
  episode_reward_max: .nan
  episode_reward_mean: .nan
  episode_reward_min: .nan
  episodes_this_iter: 0
  episodes_total: 0
  experiment_id: c0902bb5650e4c9f903231ecf9a36660
  hostname: learnfair0641
  info:
    learner:
      default_policy:
        custom_metrics: {}
        learner_stats:
          cur_kl_coeff: 0.20000000298023224
          cur_lr: 4.999999873689376e-05
          entropy: 1.3837437629699707
          entropy_coeff: 0.0
          kl: 0.0026894956827163696
          model: {}
          policy_loss: -0.0667315348982811
          total_loss: -0.06611905246973038
          vf_explained_var: 0.7846300601959229
          vf_loss: 7.458557956852019e-05
    num_agent_steps_sampled: 5
    num_agent_steps_trained: 5
    num_steps_sampled: 5
    num_steps_trained: 5
  iterations_since_restore: 1
  node_ip: 100.97.71.163
  num_healthy_workers: 1
  off_policy_estimator: {}
  perf:
    cpu_util_percent: 15.4
    ram_util_percent: 11.5
  pid: 3532260
  policy_reward_max: {}
  policy_reward_mean: {}
  policy_reward_min: {}
  sampler_perf: {}
  time_since_restore: 0.6457514762878418
  time_this_iter_s: 0.6457514762878418
  time_total_s: 0.6457514762878418
  timers:
    learn_throughput: 10.978
    learn_time_ms: 455.469
    load_throughput: 25826.995
    load_time_ms: 0.194
    sample_throughput: 26.76
    sample_time_ms: 186.846
    update_time_ms: 5.038
  timestamp: 1666044786
  timesteps_since_restore: 0
  timesteps_this_iter: 0
  timesteps_total: 5
  training_iteration: 1
  trial_id: cff02_00000
  
== Status ==
Current time: 2022-10-17 15:13:11 (running for 00:00:32.10)
Memory usage on this node: 58.1/503.8 GiB
Using FIFO scheduling algorithm.
Resources requested: 2.0/80 CPUs, 0/1 GPUs, 0.0/309.57 GiB heap, 0.0/136.66 GiB objects (0.0/1.0 accelerator_type:V100)
Result logdir: /private/home/dejang/ray_results/PPO_2022-10-17_15-12-38
Number of trials: 1/1 (1 RUNNING)
+----------------------------------+----------+-----------------------+--------+------------------+------+----------+----------------------+----------------------+--------------------+
| Trial name                       | status   | loc                   |   iter |   total time (s) |   ts |   reward |   episode_reward_max |   episode_reward_min |   episode_len_mean |
|----------------------------------+----------+-----------------------+--------+------------------+------+----------+----------------------+----------------------+--------------------|
| PPO_loop_tool_env-v0_cff02_00000 | RUNNING  | 100.97.71.163:3532260 |      1 |         0.645751 |    5 |      nan |                  nan |                  nan |                nan |
+----------------------------------+----------+-----------------------+--------+------------------+------+----------+----------------------+----------------------+--------------------+


== Status ==
Current time: 2022-10-17 15:13:11 (running for 00:00:32.13)
Memory usage on this node: 58.1/503.8 GiB
Using FIFO scheduling algorithm.
Resources requested: 0/80 CPUs, 0/1 GPUs, 0.0/309.57 GiB heap, 0.0/136.66 GiB objects (0.0/1.0 accelerator_type:V100)
Result logdir: /private/home/dejang/ray_results/PPO_2022-10-17_15-12-38
Number of trials: 1/1 (1 TERMINATED)
+----------------------------------+------------+-----------------------+--------+------------------+------+----------+----------------------+----------------------+--------------------+
| Trial name                       | status     | loc                   |   iter |   total time (s) |   ts |   reward |   episode_reward_max |   episode_reward_min |   episode_len_mean |
|----------------------------------+------------+-----------------------+--------+------------------+------+----------+----------------------+----------------------+--------------------|
| PPO_loop_tool_env-v0_cff02_00000 | TERMINATED | 100.97.71.163:3532260 |      1 |         0.645751 |    5 |      nan |                  nan |                  nan |                nan |
+----------------------------------+------------+-----------------------+--------+------------------+------+----------+----------------------+----------------------+--------------------+


Best config is: None
SUCCESS
