Address Head: 100.97.90.35:6888
RAY_ADDRESS: auto
REDIS_PASSWORD: cc62f5f0-18ab-47ec-87ce-90971d235dd8
Starting HEAD at learnfair0385
SUCCESS
Worker number = 0
Starting command: 
2022-10-13 16:27:03,049	INFO scripts.py:612 -- Local node IP: 100.97.90.35
auto 100.97.90.35 a89a9cd7-91f5-49e6-89d7-194509ba5a26
Worker number = 0
Starting command: 
Action space: Commandline([-break-crit-edges -early-cse-memssa -gvn-hoist -gvn -instcombine -instsimplify -jump-threading -loop-reduce -loop-rotate -loop-versioning -mem2reg -newgvn -reg2mem -simplifycfg -sroa])
Observation space: Box([0 0 0 0 0 0 0 0 0 0 0 0 0 0 0 0 0 0 0 0 0 0 0 0 0 0 0 0 0 0 0 0 0 0 0 0 0
 0 0 0 0 0 0 0 0 0 0 0 0 0 0 0 0 0 0 0], [9223372036854775807 9223372036854775807 9223372036854775807
 9223372036854775807 9223372036854775807 9223372036854775807
 9223372036854775807 9223372036854775807 9223372036854775807
 9223372036854775807 9223372036854775807 9223372036854775807
 9223372036854775807 9223372036854775807 9223372036854775807
 9223372036854775807 9223372036854775807 9223372036854775807
 9223372036854775807 9223372036854775807 9223372036854775807
 9223372036854775807 9223372036854775807 9223372036854775807
 9223372036854775807 9223372036854775807 9223372036854775807
 9223372036854775807 9223372036854775807 9223372036854775807
 9223372036854775807 9223372036854775807 9223372036854775807
 9223372036854775807 9223372036854775807 9223372036854775807
 9223372036854775807 9223372036854775807 9223372036854775807
 9223372036854775807 9223372036854775807 9223372036854775807
 9223372036854775807 9223372036854775807 9223372036854775807
 9223372036854775807 9223372036854775807 9223372036854775807
 9223372036854775807 9223372036854775807 9223372036854775807
 9223372036854775807 9223372036854775807 9223372036854775807
 9223372036854775807 9223372036854775807], (56,), int64)
Reward space: IrInstructionCountOz
